This is pdfTeX, Version 3.14159265-2.6-1.40.19 (TeX Live 2018) (preloaded format=pdflatex 2018.10.16)  8 NOV 2018 16:16
entering extended mode
 restricted \write18 enabled.
 %&-line parsing enabled.
**thesis.tex
(./thesis.tex
LaTeX2e <2018-04-01> patch level 2
Babel <3.18> and hyphenation patterns for 84 language(s) loaded.
(/usr/local/texlive/2018/texmf-dist/tex/latex/base/report.cls
Document Class: report 2014/09/29 v1.4h Standard LaTeX document class
(/usr/local/texlive/2018/texmf-dist/tex/latex/base/size11.clo
File: size11.clo 2014/09/29 v1.4h Standard LaTeX file (size option)
)
\c@part=\count80
\c@chapter=\count81
\c@section=\count82
\c@subsection=\count83
\c@subsubsection=\count84
\c@paragraph=\count85
\c@subparagraph=\count86
\c@figure=\count87
\c@table=\count88
\abovecaptionskip=\skip41
\belowcaptionskip=\skip42
\bibindent=\dimen102
)
(/usr/local/texlive/2018/texmf-dist/tex/latex/graphics/graphicx.sty
Package: graphicx 2017/06/01 v1.1a Enhanced LaTeX Graphics (DPC,SPQR)

(/usr/local/texlive/2018/texmf-dist/tex/latex/graphics/keyval.sty
Package: keyval 2014/10/28 v1.15 key=value parser (DPC)
\KV@toks@=\toks14
)
(/usr/local/texlive/2018/texmf-dist/tex/latex/graphics/graphics.sty
Package: graphics 2017/06/25 v1.2c Standard LaTeX Graphics (DPC,SPQR)

(/usr/local/texlive/2018/texmf-dist/tex/latex/graphics/trig.sty
Package: trig 2016/01/03 v1.10 sin cos tan (DPC)
)
(/usr/local/texlive/2018/texmf-dist/tex/latex/graphics-cfg/graphics.cfg
File: graphics.cfg 2016/06/04 v1.11 sample graphics configuration
)
Package graphics Info: Driver file: pdftex.def on input line 99.

(/usr/local/texlive/2018/texmf-dist/tex/latex/graphics-def/pdftex.def
File: pdftex.def 2018/01/08 v1.0l Graphics/color driver for pdftex
))
\Gin@req@height=\dimen103
\Gin@req@width=\dimen104
)
(/usr/local/texlive/2018/texmf-dist/tex/latex/svg/svg.sty
Package: svg 2017/11/29 v2.01 (include SVG pictures)

(/usr/local/texlive/2018/texmf-dist/tex/latex/koma-script/scrbase.sty
Package: scrbase 2018/03/30 v3.25 KOMA-Script package (KOMA-Script-independent 
basics and keyval usage)

(/usr/local/texlive/2018/texmf-dist/tex/latex/koma-script/scrlfile.sty
Package: scrlfile 2018/03/30 v3.25 KOMA-Script package (loading files)
))
(/usr/local/texlive/2018/texmf-dist/tex/generic/ifxetex/ifxetex.sty
Package: ifxetex 2010/09/12 v0.6 Provides ifxetex conditional
)
(/usr/local/texlive/2018/texmf-dist/tex/generic/oberdiek/ifluatex.sty
Package: ifluatex 2016/05/16 v1.4 Provides the ifluatex switch (HO)
Package ifluatex Info: LuaTeX not detected.
)
(/usr/local/texlive/2018/texmf-dist/tex/generic/oberdiek/ifpdf.sty
Package: ifpdf 2017/03/15 v3.2 Provides the ifpdf switch
)
(/usr/local/texlive/2018/texmf-dist/tex/generic/oberdiek/pdftexcmds.sty
Package: pdftexcmds 2018/01/30 v0.27 Utility functions of pdfTeX for LuaTeX (HO
)

(/usr/local/texlive/2018/texmf-dist/tex/generic/oberdiek/infwarerr.sty
Package: infwarerr 2016/05/16 v1.4 Providing info/warning/error messages (HO)
)
(/usr/local/texlive/2018/texmf-dist/tex/generic/oberdiek/ltxcmds.sty
Package: ltxcmds 2016/05/16 v1.23 LaTeX kernel commands for general use (HO)
)
Package pdftexcmds Info: LuaTeX not detected.
Package pdftexcmds Info: \pdf@primitive is available.
Package pdftexcmds Info: \pdf@ifprimitive is available.
Package pdftexcmds Info: \pdfdraftmode found.
)
(/usr/local/texlive/2018/texmf-dist/tex/latex/tools/shellesc.sty
Package: shellesc 2016/06/07 v0.02a unified shell escape interface for LaTeX
Package shellesc Info: Restricted shell escape enabled on input line 69.
)
\c@svg@param@lastpage=\count89
\c@svg@param@currpage=\count90
)
(/usr/local/texlive/2018/texmf-dist/tex/latex/xcolor/xcolor.sty
Package: xcolor 2016/05/11 v2.12 LaTeX color extensions (UK)

(/usr/local/texlive/2018/texmf-dist/tex/latex/graphics-cfg/color.cfg
File: color.cfg 2016/01/02 v1.6 sample color configuration
)
Package xcolor Info: Driver file: pdftex.def on input line 225.
Package xcolor Info: Model `cmy' substituted by `cmy0' on input line 1348.
Package xcolor Info: Model `hsb' substituted by `rgb' on input line 1352.
Package xcolor Info: Model `RGB' extended on input line 1364.
Package xcolor Info: Model `HTML' substituted by `rgb' on input line 1366.
Package xcolor Info: Model `Hsb' substituted by `hsb' on input line 1367.
Package xcolor Info: Model `tHsb' substituted by `hsb' on input line 1368.
Package xcolor Info: Model `HSB' substituted by `hsb' on input line 1369.
Package xcolor Info: Model `Gray' substituted by `gray' on input line 1370.
Package xcolor Info: Model `wave' substituted by `hsb' on input line 1371.
)
(/usr/local/texlive/2018/texmf-dist/tex/latex/oberdiek/transparent.sty
Package: transparent 2016/05/16 v1.1 Transparency via pdfTeX's color stack (HO)


(/usr/local/texlive/2018/texmf-dist/tex/latex/oberdiek/auxhook.sty
Package: auxhook 2016/05/16 v1.4 Hooks for auxiliary files (HO)
))
(/usr/local/texlive/2018/texmf-dist/tex/latex/tools/multicol.sty
Package: multicol 2018/04/01 v1.8r multicolumn formatting (FMi)
\c@tracingmulticols=\count91
\mult@box=\box26
\multicol@leftmargin=\dimen105
\c@unbalance=\count92
\c@collectmore=\count93
\doublecol@number=\count94
\multicoltolerance=\count95
\multicolpretolerance=\count96
\full@width=\dimen106
\page@free=\dimen107
\premulticols=\dimen108
\postmulticols=\dimen109
\multicolsep=\skip43
\multicolbaselineskip=\skip44
\partial@page=\box27
\last@line=\box28
\maxbalancingoverflow=\dimen110
\mult@rightbox=\box29
\mult@grightbox=\box30
\mult@gfirstbox=\box31
\mult@firstbox=\box32
\@tempa=\box33
\@tempa=\box34
\@tempa=\box35
\@tempa=\box36
\@tempa=\box37
\@tempa=\box38
\@tempa=\box39
\@tempa=\box40
\@tempa=\box41
\@tempa=\box42
\@tempa=\box43
\@tempa=\box44
\@tempa=\box45
\@tempa=\box46
\@tempa=\box47
\@tempa=\box48
\@tempa=\box49
\c@columnbadness=\count97
\c@finalcolumnbadness=\count98
\last@try=\dimen111
\multicolovershoot=\dimen112
\multicolundershoot=\dimen113
\mult@nat@firstbox=\box50
\colbreak@box=\box51
\mc@col@check@num=\count99
)
(/usr/local/texlive/2018/texmf-dist/tex/latex/tools/tabularx.sty
Package: tabularx 2016/02/03 v2.11b `tabularx' package (DPC)

(/usr/local/texlive/2018/texmf-dist/tex/latex/tools/array.sty
Package: array 2018/04/07 v2.4g Tabular extension package (FMi)
\col@sep=\dimen114
\ar@mcellbox=\box52
\extrarowheight=\dimen115
\NC@list=\toks15
\extratabsurround=\skip45
\backup@length=\skip46
\ar@cellbox=\box53
)
\TX@col@width=\dimen116
\TX@old@table=\dimen117
\TX@old@col=\dimen118
\TX@target=\dimen119
\TX@delta=\dimen120
\TX@cols=\count100
\TX@ftn=\toks16
)
(/usr/local/texlive/2018/texmf-dist/tex/latex/multirow/multirow.sty
Package: multirow 2016/11/25 v2.2 Span multiple rows of a table
\multirow@colwidth=\skip47
\multirow@cntb=\count101
\multirow@dima=\skip48
\bigstrutjot=\dimen121
)
(/usr/local/texlive/2018/texmf-dist/tex/latex/subfigure/subfigure.sty
Package: subfigure 2002/03/15 v2.1.5 subfigure package
\subfigtopskip=\skip49
\subfigcapskip=\skip50
\subfigcaptopadj=\dimen122
\subfigbottomskip=\skip51
\subfigcapmargin=\dimen123
\subfiglabelskip=\skip52
\c@subfigure=\count102
\c@lofdepth=\count103
\c@subtable=\count104
\c@lotdepth=\count105

****************************************
* Local config file subfigure.cfg used *
****************************************
(/usr/local/texlive/2018/texmf-dist/tex/latex/subfigure/subfigure.cfg)
\subfig@top=\skip53
\subfig@bottom=\skip54
)
(/usr/local/texlive/2018/texmf-dist/tex/latex/tools/afterpage.sty
Package: afterpage 2014/10/28 v1.08 After-Page Package (DPC)
\AP@output=\toks17
\AP@partial=\box54
\AP@footins=\box55
)
(/usr/local/texlive/2018/texmf-dist/tex/latex/amsmath/amsmath.sty
Package: amsmath 2017/09/02 v2.17a AMS math features
\@mathmargin=\skip55

For additional information on amsmath, use the `?' option.
(/usr/local/texlive/2018/texmf-dist/tex/latex/amsmath/amstext.sty
Package: amstext 2000/06/29 v2.01 AMS text

(/usr/local/texlive/2018/texmf-dist/tex/latex/amsmath/amsgen.sty
File: amsgen.sty 1999/11/30 v2.0 generic functions
\@emptytoks=\toks18
\ex@=\dimen124
))
(/usr/local/texlive/2018/texmf-dist/tex/latex/amsmath/amsbsy.sty
Package: amsbsy 1999/11/29 v1.2d Bold Symbols
\pmbraise@=\dimen125
)
(/usr/local/texlive/2018/texmf-dist/tex/latex/amsmath/amsopn.sty
Package: amsopn 2016/03/08 v2.02 operator names
)
\inf@bad=\count106
LaTeX Info: Redefining \frac on input line 213.
\uproot@=\count107
\leftroot@=\count108
LaTeX Info: Redefining \overline on input line 375.
\classnum@=\count109
\DOTSCASE@=\count110
LaTeX Info: Redefining \ldots on input line 472.
LaTeX Info: Redefining \dots on input line 475.
LaTeX Info: Redefining \cdots on input line 596.
\Mathstrutbox@=\box56
\strutbox@=\box57
\big@size=\dimen126
LaTeX Font Info:    Redeclaring font encoding OML on input line 712.
LaTeX Font Info:    Redeclaring font encoding OMS on input line 713.
\macc@depth=\count111
\c@MaxMatrixCols=\count112
\dotsspace@=\muskip10
\c@parentequation=\count113
\dspbrk@lvl=\count114
\tag@help=\toks19
\row@=\count115
\column@=\count116
\maxfields@=\count117
\andhelp@=\toks20
\eqnshift@=\dimen127
\alignsep@=\dimen128
\tagshift@=\dimen129
\tagwidth@=\dimen130
\totwidth@=\dimen131
\lineht@=\dimen132
\@envbody=\toks21
\multlinegap=\skip56
\multlinetaggap=\skip57
\mathdisplay@stack=\toks22
LaTeX Info: Redefining \[ on input line 2817.
LaTeX Info: Redefining \] on input line 2818.
)
(/usr/local/texlive/2018/texmf-dist/tex/latex/amsfonts/amssymb.sty
Package: amssymb 2013/01/14 v3.01 AMS font symbols

(/usr/local/texlive/2018/texmf-dist/tex/latex/amsfonts/amsfonts.sty
Package: amsfonts 2013/01/14 v3.01 Basic AMSFonts support
\symAMSa=\mathgroup4
\symAMSb=\mathgroup5
LaTeX Font Info:    Overwriting math alphabet `\mathfrak' in version `bold'
(Font)                  U/euf/m/n --> U/euf/b/n on input line 106.
))
(/usr/local/texlive/2018/texmf-dist/tex/latex/graphics/rotating.sty
Package: rotating 2016/08/11 v2.16d rotated objects in LaTeX

(/usr/local/texlive/2018/texmf-dist/tex/latex/base/ifthen.sty
Package: ifthen 2014/09/29 v1.1c Standard LaTeX ifthen package (DPC)
)
\c@r@tfl@t=\count118
\rotFPtop=\skip58
\rotFPbot=\skip59
\rot@float@box=\box58
\rot@mess@toks=\toks23
)
(/usr/local/texlive/2018/texmf-dist/tex/latex/fancyhdr/fancyhdr.sty
Package: fancyhdr 2017/06/30 v3.9a Extensive control of page headers and footer
s
\f@nch@headwidth=\skip60
\f@nch@O@elh=\skip61
\f@nch@O@erh=\skip62
\f@nch@O@olh=\skip63
\f@nch@O@orh=\skip64
\f@nch@O@elf=\skip65
\f@nch@O@erf=\skip66
\f@nch@O@olf=\skip67
\f@nch@O@orf=\skip68
)
(/usr/local/texlive/2018/texmf-dist/tex/latex/bbding/bbding.sty
Package: bbding 1999/04/15 v1.01 Dingbats symbols
)
(/usr/local/texlive/2018/texmf-dist/tex/latex/framed/framed.sty
Package: framed 2011/10/22 v 0.96: framed or shaded text with page breaks
\OuterFrameSep=\skip69
\fb@frw=\dimen133
\fb@frh=\dimen134
\FrameRule=\dimen135
\FrameSep=\dimen136
)
(/usr/local/texlive/2018/texmf-dist/tex/latex/caption/caption.sty
Package: caption 2016/02/21 v3.3-144 Customizing captions (AR)

(/usr/local/texlive/2018/texmf-dist/tex/latex/caption/caption3.sty
Package: caption3 2016/05/22 v1.7-166 caption3 kernel (AR)
Package caption3 Info: TeX engine: e-TeX on input line 67.
\captionmargin=\dimen137
\captionmargin@=\dimen138
\captionwidth=\dimen139
\caption@tempdima=\dimen140
\caption@indent=\dimen141
\caption@parindent=\dimen142
\caption@hangindent=\dimen143
)
\c@ContinuedFloat=\count119
Package caption Info: rotating package is loaded.
Package caption Info: subfigure package is loaded.
)
(/usr/local/texlive/2018/texmf-dist/tex/latex/hyperref/hyperref.sty
Package: hyperref 2018/02/06 v6.86b Hypertext links for LaTeX

(/usr/local/texlive/2018/texmf-dist/tex/generic/oberdiek/hobsub-hyperref.sty
Package: hobsub-hyperref 2016/05/16 v1.14 Bundle oberdiek, subset hyperref (HO)


(/usr/local/texlive/2018/texmf-dist/tex/generic/oberdiek/hobsub-generic.sty
Package: hobsub-generic 2016/05/16 v1.14 Bundle oberdiek, subset generic (HO)
Package: hobsub 2016/05/16 v1.14 Construct package bundles (HO)
Package hobsub Info: Skipping package `infwarerr' (already loaded).
Package hobsub Info: Skipping package `ltxcmds' (already loaded).
Package hobsub Info: Skipping package `ifluatex' (already loaded).
Package: ifvtex 2016/05/16 v1.6 Detect VTeX and its facilities (HO)
Package ifvtex Info: VTeX not detected.
Package: intcalc 2016/05/16 v1.2 Expandable calculations with integers (HO)
Package hobsub Info: Skipping package `ifpdf' (already loaded).
Package: etexcmds 2016/05/16 v1.6 Avoid name clashes with e-TeX commands (HO)
Package etexcmds Info: Could not find \expanded.
(etexcmds)             That can mean that you are not using pdfTeX 1.50 or
(etexcmds)             that some package has redefined \expanded.
(etexcmds)             In the latter case, load this package earlier.
Package: kvsetkeys 2016/05/16 v1.17 Key value parser (HO)
Package: kvdefinekeys 2016/05/16 v1.4 Define keys (HO)
Package hobsub Info: Skipping package `pdftexcmds' (already loaded).
Package: pdfescape 2016/05/16 v1.14 Implements pdfTeX's escape features (HO)
Package: bigintcalc 2016/05/16 v1.4 Expandable calculations on big integers (HO
)
Package: bitset 2016/05/16 v1.2 Handle bit-vector datatype (HO)
Package: uniquecounter 2016/05/16 v1.3 Provide unlimited unique counter (HO)
)
Package hobsub Info: Skipping package `hobsub' (already loaded).
Package: letltxmacro 2016/05/16 v1.5 Let assignment for LaTeX macros (HO)
Package: hopatch 2016/05/16 v1.3 Wrapper for package hooks (HO)
Package: xcolor-patch 2016/05/16 xcolor patch
Package: atveryend 2016/05/16 v1.9 Hooks at the very end of document (HO)
Package atveryend Info: \AP@enddocument detected (standard20110627).
Package: atbegshi 2016/06/09 v1.18 At begin shipout hook (HO)
Package: refcount 2016/05/16 v3.5 Data extraction from label references (HO)
Package: hycolor 2016/05/16 v1.8 Color options for hyperref/bookmark (HO)
)
(/usr/local/texlive/2018/texmf-dist/tex/latex/oberdiek/kvoptions.sty
Package: kvoptions 2016/05/16 v3.12 Key value format for package options (HO)
)
\@linkdim=\dimen144
\Hy@linkcounter=\count120
\Hy@pagecounter=\count121

(/usr/local/texlive/2018/texmf-dist/tex/latex/hyperref/pd1enc.def
File: pd1enc.def 2018/02/06 v6.86b Hyperref: PDFDocEncoding definition (HO)
Now handling font encoding PD1 ...
... no UTF-8 mapping file for font encoding PD1
)
\Hy@SavedSpaceFactor=\count122

(/usr/local/texlive/2018/texmf-dist/tex/latex/latexconfig/hyperref.cfg
File: hyperref.cfg 2002/06/06 v1.2 hyperref configuration of TeXLive
)
Package hyperref Info: Hyper figures OFF on input line 4509.
Package hyperref Info: Link nesting OFF on input line 4514.
Package hyperref Info: Hyper index ON on input line 4517.
Package hyperref Info: Plain pages OFF on input line 4524.
Package hyperref Info: Backreferencing OFF on input line 4529.
Package hyperref Info: Implicit mode ON; LaTeX internals redefined.
Package hyperref Info: Bookmarks ON on input line 4762.
\c@Hy@tempcnt=\count123

(/usr/local/texlive/2018/texmf-dist/tex/latex/url/url.sty
\Urlmuskip=\muskip11
Package: url 2013/09/16  ver 3.4  Verb mode for urls, etc.
)
LaTeX Info: Redefining \url on input line 5115.
\XeTeXLinkMargin=\dimen145
\Fld@menulength=\count124
\Field@Width=\dimen146
\Fld@charsize=\dimen147
Package hyperref Info: Hyper figures OFF on input line 6369.
Package hyperref Info: Link nesting OFF on input line 6374.
Package hyperref Info: Hyper index ON on input line 6377.
Package hyperref Info: backreferencing OFF on input line 6384.
Package hyperref Info: Link coloring OFF on input line 6389.
Package hyperref Info: Link coloring with OCG OFF on input line 6394.
Package hyperref Info: PDF/A mode OFF on input line 6399.
LaTeX Info: Redefining \ref on input line 6439.
LaTeX Info: Redefining \pageref on input line 6443.
\Hy@abspage=\count125
\c@Item=\count126
\c@Hfootnote=\count127
)
Package hyperref Info: Driver (autodetected): hpdftex.

(/usr/local/texlive/2018/texmf-dist/tex/latex/hyperref/hpdftex.def
File: hpdftex.def 2018/02/06 v6.86b Hyperref driver for pdfTeX
\Fld@listcount=\count128
\c@bookmark@seq@number=\count129

(/usr/local/texlive/2018/texmf-dist/tex/latex/oberdiek/rerunfilecheck.sty
Package: rerunfilecheck 2016/05/16 v1.8 Rerun checks for auxiliary files (HO)
Package uniquecounter Info: New unique counter `rerunfilecheck' on input line 2
82.
)
\Hy@SectionHShift=\skip70
)
(/usr/local/texlive/2018/texmf-dist/tex/generic/babel/babel.sty
Package: babel 2018/02/14 3.18 The Babel package

(/usr/local/texlive/2018/texmf-dist/tex/generic/babel/switch.def
File: switch.def 2018/02/14 3.18 Babel switching mechanism
)
(/usr/local/texlive/2018/texmf-dist/tex/generic/babel-italian/italian.ldf
Language: italian 2015/03/26 v1.3n Italian support from the babel system

(/usr/local/texlive/2018/texmf-dist/tex/generic/babel/babel.def
File: babel.def 2018/02/14 3.18 Babel common definitions
\babel@savecnt=\count130
\U@D=\dimen148

(/usr/local/texlive/2018/texmf-dist/tex/generic/babel/txtbabel.def)
\bbl@dirlevel=\count131
)
\it@lettering=\count132
\it@doublequoteactive=\count133
\it@ISOcompliance=\count134
))
(/usr/local/texlive/2018/texmf-dist/tex/latex/etoolbox/etoolbox.sty
Package: etoolbox 2018/02/11 v2.5e e-TeX tools for LaTeX (JAW)
\etb@tempcnta=\count135
)
(/usr/local/texlive/2018/texmf-dist/tex/latex/base/inputenc.sty
Package: inputenc 2018/04/06 v1.3b Input encoding file
\inpenc@prehook=\toks24
\inpenc@posthook=\toks25

(/usr/local/texlive/2018/texmf-dist/tex/latex/base/latin1.def
File: latin1.def 2018/04/06 v1.3b Input encoding file
)) (./thesis.aux
(./cover_page.aux) (./dedication.aux) (./abstract.aux) (./acknowledgements.aux)
(./chapter1/chapter.aux) (./chapter2/chapter.aux) (./chapter3/chapter.aux)
(./chapter4/chapter.aux) (./chapter5/chapter.aux) (./chapter6/chapter.aux)
(./chapter7/chapter.aux) (./chapter8/chapter.aux) (./appendixA/appendix.aux)
(./appendixB/appendix.aux))
\openout1 = `thesis.aux'.

LaTeX Font Info:    Checking defaults for OML/cmm/m/it on input line 39.
LaTeX Font Info:    ... okay on input line 39.
LaTeX Font Info:    Checking defaults for T1/cmr/m/n on input line 39.
LaTeX Font Info:    ... okay on input line 39.
LaTeX Font Info:    Checking defaults for OT1/cmr/m/n on input line 39.
LaTeX Font Info:    ... okay on input line 39.
LaTeX Font Info:    Checking defaults for OMS/cmsy/m/n on input line 39.
LaTeX Font Info:    ... okay on input line 39.
LaTeX Font Info:    Checking defaults for OMX/cmex/m/n on input line 39.
LaTeX Font Info:    ... okay on input line 39.
LaTeX Font Info:    Checking defaults for U/cmr/m/n on input line 39.
LaTeX Font Info:    ... okay on input line 39.
LaTeX Font Info:    Checking defaults for PD1/pdf/m/n on input line 39.
LaTeX Font Info:    ... okay on input line 39.

(/usr/local/texlive/2018/texmf-dist/tex/context/base/mkii/supp-pdf.mkii
[Loading MPS to PDF converter (version 2006.09.02).]
\scratchcounter=\count136
\scratchdimen=\dimen149
\scratchbox=\box59
\nofMPsegments=\count137
\nofMParguments=\count138
\everyMPshowfont=\toks26
\MPscratchCnt=\count139
\MPscratchDim=\dimen150
\MPnumerator=\count140
\makeMPintoPDFobject=\count141
\everyMPtoPDFconversion=\toks27
) (/usr/local/texlive/2018/texmf-dist/tex/latex/oberdiek/epstopdf-base.sty
Package: epstopdf-base 2016/05/15 v2.6 Base part for package epstopdf

(/usr/local/texlive/2018/texmf-dist/tex/latex/oberdiek/grfext.sty
Package: grfext 2016/05/16 v1.2 Manage graphics extensions (HO)
)
Package epstopdf-base Info: Redefining graphics rule for `.eps' on input line 4
38.
Package grfext Info: Graphics extension search list:
(grfext)             [.pdf,.png,.jpg,.mps,.jpeg,.jbig2,.jb2,.PDF,.PNG,.JPG,.JPE
G,.JBIG2,.JB2,.eps]
(grfext)             \AppendGraphicsExtensions on input line 456.

(/usr/local/texlive/2018/texmf-dist/tex/latex/latexconfig/epstopdf-sys.cfg
File: epstopdf-sys.cfg 2010/07/13 v1.3 Configuration of (r)epstopdf for TeX Liv
e
))
Package caption Info: Begin \AtBeginDocument code.
Package caption Info: hyperref package is loaded.
Package caption Info: End \AtBeginDocument code.
\AtBeginShipoutBox=\box60
Package hyperref Info: Link coloring OFF on input line 39.

(/usr/local/texlive/2018/texmf-dist/tex/latex/hyperref/nameref.sty
Package: nameref 2016/05/21 v2.44 Cross-referencing by name of section

(/usr/local/texlive/2018/texmf-dist/tex/generic/oberdiek/gettitlestring.sty
Package: gettitlestring 2016/05/16 v1.5 Cleanup title references (HO)
)
\c@section@level=\count142
)
LaTeX Info: Redefining \ref on input line 39.
LaTeX Info: Redefining \pageref on input line 39.
LaTeX Info: Redefining \nameref on input line 39.

(./thesis.out) (./thesis.out)
\@outlinefile=\write3
\openout3 = `thesis.out'.

LaTeX Info: Redefining \it@ocap on input line 39.
LaTeX Info: Redefining \it@ccap on input line 39.


File italian.ldf warning: 
italian.ldf    With OT1 encoding guillemets are poorly faked
italian.ldf    Use T1 encoding
italian.ldf    or specify a font with command \CaporaliFrom
italian.ldf    See the documentation concerning the babel-italian typesetting 
italian.ldf    on input line 39.

\openout2 = `cover_page.aux'.

(./cover_page.tex
<logo_polimi.pdf, id=372, 101.59184pt x 101.51688pt>
File: logo_polimi.pdf Graphic file (type pdf)
<use logo_polimi.pdf>
Package pdftex.def Info: logo_polimi.pdf  used on input line 24.
(pdftex.def)             Requested size: 101.59157pt x 101.51662pt.
 [1


{/usr/local/texlive/2018/texmf-var/fonts/map/pdftex/updmap/pdftex.map} <./logo_
polimi.pdf>])

LaTeX Font Warning: Font shape `OT1/cmss/m/it' in size <10> not available
(Font)              Font shape `OT1/cmss/m/sl' tried instead on input line 56.

[2



]
\openout2 = `dedication.aux'.

 (./dedication.tex) [3


] [4


]
\openout2 = `abstract.aux'.

 (./abstract.tex
LaTeX Font Info:    Try loading font information for U+ding on input line 11.

(/usr/local/texlive/2018/texmf-dist/tex/latex/bbding/Uding.fd
File: Uding.fd 1996/02/01 v1.0 BBding font definitions
) [1


] [2])
[3

] [4

]
\openout2 = `acknowledgements.aux'.

 (./acknowledgements.tex) [5



] [6

] (./thesis.toc
LaTeX Font Info:    Try loading font information for U+msa on input line 7.

(/usr/local/texlive/2018/texmf-dist/tex/latex/amsfonts/umsa.fd
File: umsa.fd 2013/01/14 v3.01 AMS symbols A
)
LaTeX Font Info:    Try loading font information for U+msb on input line 7.

(/usr/local/texlive/2018/texmf-dist/tex/latex/amsfonts/umsb.fd
File: umsb.fd 2013/01/14 v3.01 AMS symbols B
) [7


] [8])
\tf@toc=\write4
\openout4 = `thesis.toc'.


[9] [10

]
\openout2 = `chapter1/chapter.aux'.

 (./chapter1/chapter.tex
Capitolo 1.
pdfTeX warning (ext4): destination with the same identifier (name{page.1}) has 
been already used, duplicate ignored
<to be read again> 
                   \relax 
l.30 \item[\Square]
                    Tell the \emph{research area(s)} your work/project focus...
[1


]pdfTeX warning (ext4): destination with the same identifier (name{page.2}) has
 been already used, duplicate ignored
<to be read again> 
                   \relax 
l.43 ...cused and egoistic, which is never good. }
                                                   [2]pdfTeX warning (ext4): de
stination with the same identifier (name{page.3}) has been already used, duplic
ate ignored
<to be read again> 
                   \relax 
l.57 \item[\Square]
                    Describe a \emph{real scenario} that provides evidence o...
[3]

LaTeX Warning: Citation `von2004design' on page 4 undefined on input line 69.

pdfTeX warning (ext4): destination with the same identifier (name{page.4}) has 
been already used, duplicate ignored
<to be read again> 
                   \relax 
l.85 \item[\Square]
                    \emph{Mathematical modeling} [4] [5] [6] [7]) [8]
\openout2 = `chapter2/chapter.aux'.


(./chapter2/chapter.tex
Capitolo 2.
[9



]) [10]
\openout2 = `chapter3/chapter.aux'.

 (./chapter3/chapter.tex
Capitolo 3.

Underfull \hbox (badness 10000) in paragraph at lines 20--22

 []

[11



]
LaTeX Font Info:    Try loading font information for OMS+cmr on input line 113.

 (/usr/local/texlive/2018/texmf-dist/tex/latex/base/omscmr.fd
File: omscmr.fd 2014/09/29 v2.5h Standard LaTeX font definitions
)
LaTeX Font Info:    Font shape `OMS/cmr/m/n' in size <10.95> not available
(Font)              Font shape `OMS/cmsy/m/n' tried instead on input line 113.
 [12]
[13]
Overfull \hbox (20.65082pt too wide) in paragraph at lines 156--196
 [] 
 []


Underfull \vbox (badness 10000) has occurred while \output is active []

 [14]
[15]
<chapter3/figure/dendogram.jpg, id=619, 1445.4pt x 722.7pt>
File: chapter3/figure/dendogram.jpg Graphic file (type jpg)
<use chapter3/figure/dendogram.jpg>
Package pdftex.def Info: chapter3/figure/dendogram.jpg  used on input line 205.

(pdftex.def)             Requested size: 360.0pt x 180.00188pt.


LaTeX Font Warning: Font shape `OT1/cmss/m/it' in size <10.95> not available
(Font)              Font shape `OT1/cmss/m/sl' tried instead on input line 206.



Underfull \hbox (badness 10000) in paragraph at lines 210--211

 []

<chapter3/figure/kneeelbow.jpg, id=621, 1445.4pt x 722.7pt>
File: chapter3/figure/kneeelbow.jpg Graphic file (type jpg)
<use chapter3/figure/kneeelbow.jpg>
Package pdftex.def Info: chapter3/figure/kneeelbow.jpg  used on input line 213.

(pdftex.def)             Requested size: 360.0pt x 180.00188pt.

Underfull \vbox (badness 1968) has occurred while \output is active []

 [16

 <./chapter3/figure/dendogram.jpg> <./chapter3/figure/kneeelbow.jpg>]
<chapter3/figure/elbow.jpg, id=629, 1445.4pt x 722.7pt>
File: chapter3/figure/elbow.jpg Graphic file (type jpg)
<use chapter3/figure/elbow.jpg>
Package pdftex.def Info: chapter3/figure/elbow.jpg  used on input line 223.
(pdftex.def)             Requested size: 360.0pt x 180.00188pt.

Underfull \vbox (badness 1622) has occurred while \output is active []

 [17 <./chapter3/figure/elbow.jpg>] [18]
<chapter3/figure/news-spreader.jpg, id=645, 643.40375pt x 756.8275pt>
File: chapter3/figure/news-spreader.jpg Graphic file (type jpg)
<use chapter3/figure/news-spreader.jpg>
Package pdftex.def Info: chapter3/figure/news-spreader.jpg  used on input line 
301.
(pdftex.def)             Requested size: 250.93842pt x 295.17308pt.
 [19] [20 <./chapter3/figure/news-spreader.jpg>]
<chapter3/figure/dibebot.png, id=660, 1275.76625pt x 615.29875pt>
File: chapter3/figure/dibebot.png Graphic file (type png)
<use chapter3/figure/dibebot.png>
Package pdftex.def Info: chapter3/figure/dibebot.png  used on input line 340.
(pdftex.def)             Requested size: 360.0pt x 173.62505pt.

[21] [22 <./chapter3/figure/dibebot.png>]
<chapter3/figure/bubble.png, id=674, 1450.41875pt x 661.47125pt>
File: chapter3/figure/bubble.png Graphic file (type png)
<use chapter3/figure/bubble.png>
Package pdftex.def Info: chapter3/figure/bubble.png  used on input line 368.
(pdftex.def)             Requested size: 360.0pt x 164.1764pt.
<chapter3/figure/heatmap.jpg, id=676, 1084.05pt x 813.0375pt>
File: chapter3/figure/heatmap.jpg Graphic file (type jpg)
<use chapter3/figure/heatmap.jpg>
Package pdftex.def Info: chapter3/figure/heatmap.jpg  used on input line 376.
(pdftex.def)             Requested size: 360.0pt x 270.00282pt.
<chapter3/figure/msno.png, id=678, 1563.8425pt x 805.0075pt>
File: chapter3/figure/msno.png Graphic file (type png)
<use chapter3/figure/msno.png>
Package pdftex.def Info: chapter3/figure/msno.png  used on input line 385.
(pdftex.def)             Requested size: 360.0pt x 185.30751pt.
 [23 <./chapter3/figure/bubble.png>]
[24 <./chapter3/figure/heatmap.jpg> <./chapter3/figure/msno.png>]
<chapter3/figure/boxplot_statuses.jpg, id=694, 1445.4pt x 1084.05pt>
File: chapter3/figure/boxplot_statuses.jpg Graphic file (type jpg)
<use chapter3/figure/boxplot_statuses.jpg>
Package pdftex.def Info: chapter3/figure/boxplot_statuses.jpg  used on input li
ne 395.
(pdftex.def)             Requested size: 360.0pt x 270.00282pt.
 [25 <./chapter3/figure/boxplot_statuses.jpg>]
<chapter3/figure/boxplot_friends.jpg, id=700, 1445.4pt x 1084.05pt>
File: chapter3/figure/boxplot_friends.jpg Graphic file (type jpg)
<use chapter3/figure/boxplot_friends.jpg>
Package pdftex.def Info: chapter3/figure/boxplot_friends.jpg  used on input lin
e 403.
(pdftex.def)             Requested size: 360.0pt x 270.00282pt.
<chapter3/figure/boxplot_followers.jpg, id=701, 1445.4pt x 1084.05pt>
File: chapter3/figure/boxplot_followers.jpg Graphic file (type jpg)
<use chapter3/figure/boxplot_followers.jpg>
Package pdftex.def Info: chapter3/figure/boxplot_followers.jpg  used on input l
ine 410.
(pdftex.def)             Requested size: 360.0pt x 270.00282pt.
) [26 <./chapter3/figure/boxplot_friends.jpg>]
[27 <./chapter3/figure/boxplot_followers.jpg>]
\openout2 = `chapter4/chapter.aux'.

 (./chapter4/chapter.tex [28



]
Capitolo 4.
[29] [30]
Overfull \hbox (9.7341pt too wide) in paragraph at lines 40--80
 [] 
 []


Underfull \vbox (badness 10000) has occurred while \output is active []

 [31]
[32]
Overfull \hbox (1.62823pt too wide) in paragraph at lines 167--188
 [] 
 []

[33]
<chapter4/figure/desc_features_importances.png, id=744, 1445.4pt x 722.7pt>
File: chapter4/figure/desc_features_importances.png Graphic file (type png)
<use chapter4/figure/desc_features_importances.png>
Package pdftex.def Info: chapter4/figure/desc_features_importances.png  used on
 input line 194.
(pdftex.def)             Requested size: 360.0pt x 180.00188pt.
 [34 <./chapter4/figure/desc_features_importances.png>]
Underfull \hbox (badness 10000) in paragraph at lines 211--212

 []


Underfull \hbox (badness 10000) in paragraph at lines 231--232

 []

[35] [36]
<chapter4/figure/intrinsic_features_importances.png, id=769, 1445.4pt x 722.7pt
>
File: chapter4/figure/intrinsic_features_importances.png Graphic file (type png
)
<use chapter4/figure/intrinsic_features_importances.png>
Package pdftex.def Info: chapter4/figure/intrinsic_features_importances.png  us
ed on input line 274.
(pdftex.def)             Requested size: 360.0pt x 180.00188pt.
 [37 <./chapter4/figure/intrinsic_features_importances.png>]
Underfull \hbox (badness 10000) in paragraph at lines 311--312

 []

[38] [39]
Overfull \hbox (69.41647pt too wide) in paragraph at lines 428--430
\OT1/cmr/bx/n/10.95 8. \OT1/cmr/m/n/10.95 news[]spreaders[]words[]score, \OT1/c
mr/bx/n/10.95 10. \OT1/cmr/m/n/10.95 NSFW[]words[]score, \OT1/cmr/bx/n/10.95 16
. \OT1/cmr/m/n/10.95 spam[]bots[]words[]score,
 []

[40]
Overfull \hbox (63.12027pt too wide) in paragraph at lines 431--433
\OT1/cmr/bx/n/10.95 7. \OT1/cmr/m/n/10.95 news[]spreaders[]words[]score, \OT1/c
mr/bx/n/10.95 9. \OT1/cmr/m/n/10.95 NSFW[]words[]score, \OT1/cmr/bx/n/10.95 13.
 \OT1/cmr/m/n/10.95 spam[]bots[]words[]score,
 []


Overfull \hbox (69.41647pt too wide) in paragraph at lines 434--436
\OT1/cmr/bx/n/10.95 8. \OT1/cmr/m/n/10.95 news[]spreaders[]words[]score, \OT1/c
mr/bx/n/10.95 12. \OT1/cmr/m/n/10.95 NSFW[]words[]score, \OT1/cmr/bx/n/10.95 13
. \OT1/cmr/m/n/10.95 spam[]bots[]words[]score,
 []


Overfull \hbox (69.41647pt too wide) in paragraph at lines 437--439
\OT1/cmr/bx/n/10.95 8. \OT1/cmr/m/n/10.95 news[]spreaders[]words[]score, \OT1/c
mr/bx/n/10.95 11. \OT1/cmr/m/n/10.95 NSFW[]words[]score, \OT1/cmr/bx/n/10.95 14
. \OT1/cmr/m/n/10.95 spam[]bots[]words[]score,
 []

<chapter4/figure/dict_comparison.png, id=803, 1156.32pt x 867.24pt>
File: chapter4/figure/dict_comparison.png Graphic file (type png)
<use chapter4/figure/dict_comparison.png>
Package pdftex.def Info: chapter4/figure/dict_comparison.png  used on input lin
e 446.
(pdftex.def)             Requested size: 360.0pt x 269.99289pt.
<chapter4/figure/features_importances_250.png, id=804, 1445.4pt x 722.7pt>
File: chapter4/figure/features_importances_250.png Graphic file (type png)
<use chapter4/figure/features_importances_250.png>
Package pdftex.def Info: chapter4/figure/features_importances_250.png  used on 
input line 454.
(pdftex.def)             Requested size: 360.0pt x 180.00188pt.
<chapter4/figure/features_importances_250_closeup.png, id=805, 1445.4pt x 722.7
pt>
File: chapter4/figure/features_importances_250_closeup.png Graphic file (type p
ng)
<use chapter4/figure/features_importances_250_closeup.png>
Package pdftex.def Info: chapter4/figure/features_importances_250_closeup.png  
used on input line 457.
(pdftex.def)             Requested size: 360.0pt x 180.00188pt.
<chapter4/figure/features_importances_500.png, id=806, 1445.4pt x 722.7pt>
File: chapter4/figure/features_importances_500.png Graphic file (type png)
<use chapter4/figure/features_importances_500.png>
Package pdftex.def Info: chapter4/figure/features_importances_500.png  used on 
input line 462.
(pdftex.def)             Requested size: 360.0pt x 180.00188pt.
<chapter4/figure/features_importances_500_closeup.png, id=807, 1445.4pt x 722.7
pt>
File: chapter4/figure/features_importances_500_closeup.png Graphic file (type p
ng)
<use chapter4/figure/features_importances_500_closeup.png>
Package pdftex.def Info: chapter4/figure/features_importances_500_closeup.png  
used on input line 465.
(pdftex.def)             Requested size: 360.0pt x 180.00188pt.
<chapter4/figure/features_importances_750.png, id=808, 1445.4pt x 722.7pt>
File: chapter4/figure/features_importances_750.png Graphic file (type png)
<use chapter4/figure/features_importances_750.png>
Package pdftex.def Info: chapter4/figure/features_importances_750.png  used on 
input line 470.
(pdftex.def)             Requested size: 360.0pt x 180.00188pt.
<chapter4/figure/features_importances_750_closeup.png, id=809, 1445.4pt x 722.7
pt>
File: chapter4/figure/features_importances_750_closeup.png Graphic file (type p
ng)
<use chapter4/figure/features_importances_750_closeup.png>
Package pdftex.def Info: chapter4/figure/features_importances_750_closeup.png  
used on input line 473.
(pdftex.def)             Requested size: 360.0pt x 180.00188pt.
<chapter4/figure/features_importances_1000.png, id=810, 1445.4pt x 722.7pt>
File: chapter4/figure/features_importances_1000.png Graphic file (type png)
<use chapter4/figure/features_importances_1000.png>
Package pdftex.def Info: chapter4/figure/features_importances_1000.png  used on
 input line 478.
(pdftex.def)             Requested size: 360.0pt x 180.00188pt.
<chapter4/figure/features_importances_1000_closeup.png, id=811, 1445.4pt x 722.
7pt>
File: chapter4/figure/features_importances_1000_closeup.png Graphic file (type 
png)
<use chapter4/figure/features_importances_1000_closeup.png>
Package pdftex.def Info: chapter4/figure/features_importances_1000_closeup.png 
 used on input line 481.
(pdftex.def)             Requested size: 360.0pt x 180.00188pt.
[41]
Underfull \hbox (badness 10000) in paragraph at lines 499--501

 []


Underfull \vbox (badness 10000) has occurred while \output is active []

 [42 <./chapter4/figure/dict_comparison.png>] [43 <./chapter4/figure/features_i
mportances_250.png> <./chapter4/figure/features_importances_250_closeup.png>] [
44 <./chapter4/figure/features_importances_500.png> <./chapter4/figure/features
_importances_500_closeup.png>] [45 <./chapter4/figure/features_importances_750.
png> <./chapter4/figure/features_importances_750_closeup.png>] [46 <./chapter4/
figure/features_importances_1000.png> <./chapter4/figure/features_importances_1
000_closeup.png>]
Underfull \vbox (badness 10000) has occurred while \output is active []

 [47]
[48]) [49]
\openout2 = `chapter5/chapter.aux'.

 (./chapter5/chapter.tex [50



]
Capitolo 5.
[51] [52] [53] [54] [55] [56]
Overfull \vbox (0.6368pt too high) detected at line 150
 []


Overfull \vbox (0.6368pt too high) detected at line 177
 []


Overfull \vbox (0.6368pt too high) detected at line 204
 []


Underfull \vbox (badness 3547) has occurred while \output is active []

 [57]
Overfull \vbox (15.59686pt too high) detected at line 230
 []

[58] [59]
Underfull \hbox (badness 10000) in paragraph at lines 366--368

 []


Underfull \hbox (badness 10000) in paragraph at lines 368--370

 []


Underfull \hbox (badness 10000) in paragraph at lines 370--373

 []

[60]
Underfull \hbox (badness 10000) in paragraph at lines 373--375

 []

[61]
<chapter5/figure/bon_tuning.png, id=920, 1156.32pt x 867.24pt>
File: chapter5/figure/bon_tuning.png Graphic file (type png)
<use chapter5/figure/bon_tuning.png>
Package pdftex.def Info: chapter5/figure/bon_tuning.png  used on input line 411
.
(pdftex.def)             Requested size: 360.0pt x 269.99289pt.
<chapter5/figure/auc.png, id=921, 1156.32pt x 867.24pt>
File: chapter5/figure/auc.png Graphic file (type png)
<use chapter5/figure/auc.png>
Package pdftex.def Info: chapter5/figure/auc.png  used on input line 417.
(pdftex.def)             Requested size: 360.0pt x 269.99289pt.
 [62] [63 <./chapter5/figure/bon_tuning.png> <./chapter5/figure/auc.png>]
[64]
<chapter5/figure/stacking.png, id=942, 4015.0pt x 2214.2725pt>
File: chapter5/figure/stacking.png Graphic file (type png)
<use chapter5/figure/stacking.png>
Package pdftex.def Info: chapter5/figure/stacking.png  used on input line 455.
(pdftex.def)             Requested size: 360.0pt x 198.53261pt.
 [65 <./chapter5/figure/stacking.png>]
Overfull \hbox (32.58076pt too wide) in paragraph at lines 470--473
\OT1/cmr/m/n/10.95 3. \OT1/cmr/m/it/10.95 freq \OT1/cmr/m/n/10.95 (0.061246), 4
. \OT1/cmr/m/it/10.95 tweet[]intradistance \OT1/cmr/m/n/10.95 (0.060451), 5. \O
T1/cmr/m/it/10.95 news[]spreaders[]words[]score
 []

<chapter5/figure/top_12_features_importances.png, id=953, 1445.4pt x 722.7pt>
File: chapter5/figure/top_12_features_importances.png Graphic file (type png)
<use chapter5/figure/top_12_features_importances.png>
Package pdftex.def Info: chapter5/figure/top_12_features_importances.png  used 
on input line 476.
(pdftex.def)             Requested size: 360.0pt x 180.00188pt.
[66 <./chapter5/figure/top_12_features_importances.png>]
<chapter5/figure/feature_cluster_f1.png, id=964, 1156.32pt x 867.24pt>
File: chapter5/figure/feature_cluster_f1.png Graphic file (type png)
<use chapter5/figure/feature_cluster_f1.png>
Package pdftex.def Info: chapter5/figure/feature_cluster_f1.png  used on input 
line 499.
(pdftex.def)             Requested size: 360.0pt x 269.99289pt.
<chapter5/figure/precision_along_features.png, id=968, 1445.4pt x 722.7pt>
File: chapter5/figure/precision_along_features.png Graphic file (type png)
<use chapter5/figure/precision_along_features.png>
Package pdftex.def Info: chapter5/figure/precision_along_features.png  used on 
input line 512.
(pdftex.def)             Requested size: 360.0pt x 180.00188pt.
<chapter5/figure/recall_along_features.png, id=969, 1445.4pt x 722.7pt>
File: chapter5/figure/recall_along_features.png Graphic file (type png)
<use chapter5/figure/recall_along_features.png>
Package pdftex.def Info: chapter5/figure/recall_along_features.png  used on inp
ut line 518.
(pdftex.def)             Requested size: 360.0pt x 180.00188pt.
<chapter5/figure/f1_along_features.png, id=970, 1445.4pt x 722.7pt>
File: chapter5/figure/f1_along_features.png Graphic file (type png)
<use chapter5/figure/f1_along_features.png>
Package pdftex.def Info: chapter5/figure/f1_along_features.png  used on input l
ine 524.
(pdftex.def)             Requested size: 360.0pt x 180.00188pt.

Underfull \vbox (badness 2005) has occurred while \output is active []

 [67]
[68 <./chapter5/figure/feature_cluster_f1.png> <./chapter5/figure/precision_alo
ng_features.png>] [69 <./chapter5/figure/recall_along_features.png> <./chapter5
/figure/f1_along_features.png>]
<chapter5/figure/multiclass_rf_tuning_gini.png, id=992, 1156.32pt x 867.24pt>
File: chapter5/figure/multiclass_rf_tuning_gini.png Graphic file (type png)
<use chapter5/figure/multiclass_rf_tuning_gini.png>
Package pdftex.def Info: chapter5/figure/multiclass_rf_tuning_gini.png  used on
 input line 542.
(pdftex.def)             Requested size: 360.0pt x 269.99289pt.
<chapter5/figure/multiclass_rf_tuning.png, id=993, 1156.32pt x 867.24pt>
File: chapter5/figure/multiclass_rf_tuning.png Graphic file (type png)
<use chapter5/figure/multiclass_rf_tuning.png>
Package pdftex.def Info: chapter5/figure/multiclass_rf_tuning.png  used on inpu
t line 548.
(pdftex.def)             Requested size: 360.0pt x 269.99289pt.
 [70 <./chapter5/figure/multiclass_rf_tuning_gini.png>]
<chapter5/figure/tree.png, id=1007, 1096.095pt x 460.72125pt>
File: chapter5/figure/tree.png Graphic file (type png)
<use chapter5/figure/tree.png>
Package pdftex.def Info: chapter5/figure/tree.png  used on input line 568.
(pdftex.def)             Requested size: 360.0pt x 151.32141pt.

Underfull \vbox (badness 1502) has occurred while \output is active []

 [71 <./chapter5/figure/multiclass_rf_tuning.png>]
Underfull \vbox (badness 3250) has occurred while \output is active []

 [72 <./chapter5/figure/tree.png>] [73]
<chapter5/figure/knn_tuning.png, id=1030, 1156.32pt x 867.24pt>
File: chapter5/figure/knn_tuning.png Graphic file (type png)
<use chapter5/figure/knn_tuning.png>
Package pdftex.def Info: chapter5/figure/knn_tuning.png  used on input line 640
.
(pdftex.def)             Requested size: 360.0pt x 269.99289pt.

Overfull \hbox (1.31996pt too wide) in paragraph at lines 653--654
\OT1/cmr/m/n/10.95 In chap-ter []4[] we crea-ted so-me use-ful fea-tu-res that 
hel-ped the above-mentioned
 []

[74]
Underfull \vbox (badness 10000) has occurred while \output is active []

 [75 <./chapter5/figure/knn_tuning.png>]
Underfull \hbox (badness 10000) in paragraph at lines 679--680

 []


Overfull \hbox (17.0pt too wide) in paragraph at lines 681--682
[][] 
 []


Underfull \hbox (badness 10000) in paragraph at lines 681--682

 []

[76] [77] [78]
Underfull \hbox (badness 10000) in paragraph at lines 765--766

 []

<chapter5/figure/stacking_train.png, id=1062, 5018.75pt x 2660.94125pt>
File: chapter5/figure/stacking_train.png Graphic file (type png)
<use chapter5/figure/stacking_train.png>
Package pdftex.def Info: chapter5/figure/stacking_train.png  used on input line
 769.
(pdftex.def)             Requested size: 360.0pt x 190.83241pt.

Underfull \vbox (badness 1292) has occurred while \output is active []

 [79 <./chapter5/figure/stacking_train.png>] [80] [81] [82] [83] [84]
<chapter5/figure/logreg_default.png, id=1094, 1156.32pt x 867.24pt>
File: chapter5/figure/logreg_default.png Graphic file (type png)
<use chapter5/figure/logreg_default.png>
Package pdftex.def Info: chapter5/figure/logreg_default.png  used on input line
 949.
(pdftex.def)             Requested size: 175.0pt x 131.24489pt.
<chapter5/figure/random_forest_default.png, id=1095, 1156.32pt x 867.24pt>
File: chapter5/figure/random_forest_default.png Graphic file (type png)
<use chapter5/figure/random_forest_default.png>
Package pdftex.def Info: chapter5/figure/random_forest_default.png  used on inp
ut line 952.
(pdftex.def)             Requested size: 175.0pt x 131.24489pt.
 [85 <./chapter5/figure/logreg_default.png> <./chapter5/figure/random_forest_de
fault.png>]
<chapter5/figure/logreg_l1_lambda.png, id=1107, 1156.32pt x 867.24pt>
File: chapter5/figure/logreg_l1_lambda.png Graphic file (type png)
<use chapter5/figure/logreg_l1_lambda.png>
Package pdftex.def Info: chapter5/figure/logreg_l1_lambda.png  used on input li
ne 985.
(pdftex.def)             Requested size: 360.0pt x 269.99289pt.
<chapter5/figure/logreg_l2_lambda.png, id=1108, 1156.32pt x 867.24pt>
File: chapter5/figure/logreg_l2_lambda.png Graphic file (type png)
<use chapter5/figure/logreg_l2_lambda.png>
Package pdftex.def Info: chapter5/figure/logreg_l2_lambda.png  used on input li
ne 990.
(pdftex.def)             Requested size: 360.0pt x 269.99289pt.
 [86]
[87 <./chapter5/figure/logreg_l1_lambda.png> <./chapter5/figure/logreg_l2_lambd
a.png>] [88]
<chapter5/figure/logreg_l1_close.png, id=1127, 1156.32pt x 867.24pt>
File: chapter5/figure/logreg_l1_close.png Graphic file (type png)
<use chapter5/figure/logreg_l1_close.png>
Package pdftex.def Info: chapter5/figure/logreg_l1_close.png  used on input lin
e 1098.
(pdftex.def)             Requested size: 175.0pt x 131.24489pt.
<chapter5/figure/logreg_l1_far.png, id=1128, 1156.32pt x 867.24pt>
File: chapter5/figure/logreg_l1_far.png Graphic file (type png)
<use chapter5/figure/logreg_l1_far.png>
Package pdftex.def Info: chapter5/figure/logreg_l1_far.png  used on input line 
1101.
(pdftex.def)             Requested size: 175.0pt x 131.24489pt.
 [89 <./chapter5/figure/logreg_l1_close.png> <./chapter5/figure/logreg_l1_far.p
ng>] [90]
<chapter5/figure/prediction.png, id=1151, 1459.4525pt x 3353.52875pt>
File: chapter5/figure/prediction.png Graphic file (type png)
<use chapter5/figure/prediction.png>
Package pdftex.def Info: chapter5/figure/prediction.png  used on input line 115
0.
(pdftex.def)             Requested size: 288.0011pt x 661.73901pt.


LaTeX Warning: Float too large for page by 101.13881pt on input line 1154.

) [91] [92 <./chapter5/figure/prediction.png>]
\openout2 = `chapter6/chapter.aux'.

 (./chapter6/chapter.tex
Capitolo 6.
<chapter6/figure/histogram.jpg, id=1163, 1055.945pt x 363.3575pt>
File: chapter6/figure/histogram.jpg Graphic file (type jpg)
<use chapter6/figure/histogram.jpg>
Package pdftex.def Info: chapter6/figure/histogram.jpg  used on input line 15.
(pdftex.def)             Requested size: 360.0pt x 123.87811pt.
[93



 <./chapter6/figure/histogram.jpg>]
<chapter6/figure/architecture.png, id=1172, 654.5253pt x 847.0044pt>
File: chapter6/figure/architecture.png Graphic file (type png)
<use chapter6/figure/architecture.png>
Package pdftex.def Info: chapter6/figure/architecture.png  used on input line 3
0.
(pdftex.def)             Requested size: 216.0022pt x 279.52524pt.
) [94 <./chapter6/figure/architecture.png>] [95]
\openout2 = `chapter7/chapter.aux'.

 (./chapter7/chapter.tex [96



]
Capitolo 7.

Underfull \vbox (badness 10000) has occurred while \output is active []

 [97]

LaTeX Warning: Reference `sec:architecture' on page 98 undefined on input line 
21.

[98] [99]) [100]
\openout2 = `chapter8/chapter.aux'.

 (./chapter8/chapter.tex
Capitolo 8.
[101



] [102] [103]) [104] (./thesis.bbl) [105



]
\openout2 = `appendixA/appendix.aux'.

 (./appendixA/appendix.tex

Package Fancyhdr Warning: \headheight is too small (12.0pt): 
 Make it at least 13.59999pt.
 We now make it that large for the rest of the document.
 This may cause the page layout to be inconsistent, however.

[106


]
Appendice A.
) [107]
\openout2 = `appendixB/appendix.aux'.

 (./appendixB/appendix.tex [108



]
Appendice B.
) [109]
Package atveryend Info: Empty hook `BeforeClearDocument' on input line 119.
Package atveryend Info: Empty hook `AfterLastShipout' on input line 119.
 (./thesis.aux (./cover_page.aux) (./dedication.aux) (./abstract.aux)
(./acknowledgements.aux) (./chapter1/chapter.aux) (./chapter2/chapter.aux)
(./chapter3/chapter.aux) (./chapter4/chapter.aux) (./chapter5/chapter.aux)
(./chapter6/chapter.aux) (./chapter7/chapter.aux) (./chapter8/chapter.aux)
(./appendixA/appendix.aux) (./appendixB/appendix.aux))
Package atveryend Info: Executing hook `AtVeryEndDocument' on input line 119.
Package atveryend Info: Executing hook `AtEndAfterFileList' on input line 119.
Package rerunfilecheck Info: File `thesis.out' has not changed.
(rerunfilecheck)             Checksum: 6AFAB71498C5ACAE62DCCC3B89962F22;5809.


LaTeX Warning: There were undefined references.

Package atveryend Info: Empty hook `AtVeryVeryEnd' on input line 119.
 ) 
Here is how much of TeX's memory you used:
 10693 strings out of 492649
 164341 string characters out of 6129621
 295621 words of memory out of 5000000
 13956 multiletter control sequences out of 15000+600000
 20624 words of font info for 74 fonts, out of 8000000 for 9000
 1141 hyphenation exceptions out of 8191
 40i,11n,47p,1205b,466s stack positions out of 5000i,500n,10000p,200000b,80000s
</usr/local/texlive/2018/texmf-dist/fonts/type1/public/niceframe-type1/bbding
10.pfb></usr/local/texlive/2018/texmf-dist/fonts/type1/public/amsfonts/cm/cmbx1
0.pfb></usr/local/texlive/2018/texmf-dist/fonts/type1/public/amsfonts/cm/cmbx12
.pfb></usr/local/texlive/2018/texmf-dist/fonts/type1/public/amsfonts/cm/cmbx8.p
fb></usr/local/texlive/2018/texmf-dist/fonts/type1/public/amsfonts/cm/cmbxti10.
pfb></usr/local/texlive/2018/texmf-dist/fonts/type1/public/amsfonts/cm/cmex10.p
fb></usr/local/texlive/2018/texmf-dist/fonts/type1/public/amsfonts/cm/cmmi10.pf
b></usr/local/texlive/2018/texmf-dist/fonts/type1/public/amsfonts/cm/cmmi6.pfb>
</usr/local/texlive/2018/texmf-dist/fonts/type1/public/amsfonts/cm/cmmi8.pfb></
usr/local/texlive/2018/texmf-dist/fonts/type1/public/amsfonts/cm/cmmib10.pfb></
usr/local/texlive/2018/texmf-dist/fonts/type1/public/amsfonts/cm/cmr10.pfb></us
r/local/texlive/2018/texmf-dist/fonts/type1/public/amsfonts/cm/cmr6.pfb></usr/l
ocal/texlive/2018/texmf-dist/fonts/type1/public/amsfonts/cm/cmr8.pfb></usr/loca
l/texlive/2018/texmf-dist/fonts/type1/public/amsfonts/cm/cmss10.pfb></usr/local
/texlive/2018/texmf-dist/fonts/type1/public/amsfonts/cm/cmssbx10.pfb></usr/loca
l/texlive/2018/texmf-dist/fonts/type1/public/amsfonts/cm/cmssi10.pfb></usr/loca
l/texlive/2018/texmf-dist/fonts/type1/public/amsfonts/cm/cmsy10.pfb></usr/local
/texlive/2018/texmf-dist/fonts/type1/public/amsfonts/cm/cmsy8.pfb></usr/local/t
exlive/2018/texmf-dist/fonts/type1/public/amsfonts/cm/cmti10.pfb></usr/local/te
xlive/2018/texmf-dist/fonts/type1/public/amsfonts/cm/cmti8.pfb>
Output written on thesis.pdf (123 pages, 7293473 bytes).
PDF statistics:
 1375 PDF objects out of 1440 (max. 8388607)
 1137 compressed objects within 12 object streams
 282 named destinations out of 1000 (max. 500000)
 962 words of extra memory for PDF output out of 10000 (max. 10000000)

